<?xml version="1.0" encoding="UTF-8"?>
<testsuite name="com.example.demo.repository.MemberRepositoryTest" tests="1" skipped="0" failures="0" errors="0" timestamp="2025-03-19T05:24:56" hostname="DESKTOP-GHBO47T" time="0.267">
  <properties/>
  <testcase name="createMemberTest()" classname="com.example.demo.repository.MemberRepositoryTest" time="0.267"/>
  <system-out><![CDATA[14:24:52.944 [Test worker] DEBUG org.springframework.test.context.BootstrapUtils - Instantiating CacheAwareContextLoaderDelegate from class [org.springframework.test.context.cache.DefaultCacheAwareContextLoaderDelegate]
14:24:52.953 [Test worker] DEBUG org.springframework.test.context.BootstrapUtils - Instantiating BootstrapContext using constructor [public org.springframework.test.context.support.DefaultBootstrapContext(java.lang.Class,org.springframework.test.context.CacheAwareContextLoaderDelegate)]
14:24:52.976 [Test worker] DEBUG org.springframework.test.context.BootstrapUtils - Instantiating TestContextBootstrapper for test class [com.example.demo.repository.MemberRepositoryTest] from class [org.springframework.boot.test.context.SpringBootTestContextBootstrapper]
14:24:52.986 [Test worker] INFO org.springframework.boot.test.context.SpringBootTestContextBootstrapper - Neither @ContextConfiguration nor @ContextHierarchy found for test class [com.example.demo.repository.MemberRepositoryTest], using SpringBootContextLoader
14:24:52.988 [Test worker] DEBUG org.springframework.test.context.support.AbstractContextLoader - Did not detect default resource location for test class [com.example.demo.repository.MemberRepositoryTest]: class path resource [com/example/demo/repository/MemberRepositoryTest-context.xml] does not exist
14:24:52.989 [Test worker] DEBUG org.springframework.test.context.support.AbstractContextLoader - Did not detect default resource location for test class [com.example.demo.repository.MemberRepositoryTest]: class path resource [com/example/demo/repository/MemberRepositoryTestContext.groovy] does not exist
14:24:52.989 [Test worker] INFO org.springframework.test.context.support.AbstractContextLoader - Could not detect default resource locations for test class [com.example.demo.repository.MemberRepositoryTest]: no resource found for suffixes {-context.xml, Context.groovy}.
14:24:52.989 [Test worker] INFO org.springframework.test.context.support.AnnotationConfigContextLoaderUtils - Could not detect default configuration classes for test class [com.example.demo.repository.MemberRepositoryTest]: MemberRepositoryTest does not declare any static, non-private, non-final, nested classes annotated with @Configuration.
14:24:53.015 [Test worker] DEBUG org.springframework.test.context.support.ActiveProfilesUtils - Could not find an 'annotation declaring class' for annotation type [org.springframework.test.context.ActiveProfiles] and class [com.example.demo.repository.MemberRepositoryTest]
14:24:53.072 [Test worker] DEBUG org.springframework.context.annotation.ClassPathScanningCandidateComponentProvider - Identified candidate component class: file [C:\5dev\sb_jpa1\build\classes\java\main\com\example\demo\DemoApplication.class]
14:24:53.073 [Test worker] INFO org.springframework.boot.test.context.SpringBootTestContextBootstrapper - Found @SpringBootConfiguration com.example.demo.DemoApplication for test class com.example.demo.repository.MemberRepositoryTest
14:24:53.147 [Test worker] DEBUG org.springframework.boot.test.context.SpringBootTestContextBootstrapper - @TestExecutionListeners is not present for class [com.example.demo.repository.MemberRepositoryTest]: using defaults.
14:24:53.148 [Test worker] INFO org.springframework.boot.test.context.SpringBootTestContextBootstrapper - Loaded default TestExecutionListener class names from location [META-INF/spring.factories]: [org.springframework.boot.test.autoconfigure.restdocs.RestDocsTestExecutionListener, org.springframework.boot.test.autoconfigure.web.client.MockRestServiceServerResetTestExecutionListener, org.springframework.boot.test.autoconfigure.web.servlet.MockMvcPrintOnlyOnFailureTestExecutionListener, org.springframework.boot.test.autoconfigure.web.servlet.WebDriverTestExecutionListener, org.springframework.boot.test.autoconfigure.webservices.client.MockWebServiceServerTestExecutionListener, org.springframework.boot.test.mock.mockito.MockitoTestExecutionListener, org.springframework.boot.test.mock.mockito.ResetMocksTestExecutionListener, org.springframework.test.context.web.ServletTestExecutionListener, org.springframework.test.context.support.DirtiesContextBeforeModesTestExecutionListener, org.springframework.test.context.event.ApplicationEventsTestExecutionListener, org.springframework.test.context.support.DependencyInjectionTestExecutionListener, org.springframework.test.context.support.DirtiesContextTestExecutionListener, org.springframework.test.context.transaction.TransactionalTestExecutionListener, org.springframework.test.context.jdbc.SqlScriptsTestExecutionListener, org.springframework.test.context.event.EventPublishingTestExecutionListener]
14:24:53.162 [Test worker] INFO org.springframework.boot.test.context.SpringBootTestContextBootstrapper - Using TestExecutionListeners: [org.springframework.test.context.web.ServletTestExecutionListener@591e58fa, org.springframework.test.context.support.DirtiesContextBeforeModesTestExecutionListener@3954d008, org.springframework.test.context.event.ApplicationEventsTestExecutionListener@2f94c4db, org.springframework.boot.test.mock.mockito.MockitoTestExecutionListener@593e824f, org.springframework.boot.test.autoconfigure.SpringBootDependencyInjectionTestExecutionListener@72ccd81a, org.springframework.test.context.support.DirtiesContextTestExecutionListener@6d8792db, org.springframework.test.context.transaction.TransactionalTestExecutionListener@64bc21ac, org.springframework.test.context.jdbc.SqlScriptsTestExecutionListener@493dfb8e, org.springframework.test.context.event.EventPublishingTestExecutionListener@5d25e6bb, org.springframework.boot.test.autoconfigure.restdocs.RestDocsTestExecutionListener@ce5a68e, org.springframework.boot.test.autoconfigure.web.client.MockRestServiceServerResetTestExecutionListener@9d157ff, org.springframework.boot.test.autoconfigure.web.servlet.MockMvcPrintOnlyOnFailureTestExecutionListener@2f162cc0, org.springframework.boot.test.autoconfigure.web.servlet.WebDriverTestExecutionListener@5df417a7, org.springframework.boot.test.autoconfigure.webservices.client.MockWebServiceServerTestExecutionListener@7c041b41, org.springframework.boot.test.mock.mockito.ResetMocksTestExecutionListener@7f69d591]
14:24:53.165 [Test worker] DEBUG org.springframework.test.context.support.AbstractDirtiesContextTestExecutionListener - Before test class: context [DefaultTestContext@54361a9 testClass = MemberRepositoryTest, testInstance = [null], testMethod = [null], testException = [null], mergedContextConfiguration = [WebMergedContextConfiguration@32232e55 testClass = MemberRepositoryTest, locations = '{}', classes = '{class com.example.demo.DemoApplication}', contextInitializerClasses = '[]', activeProfiles = '{}', propertySourceLocations = '{}', propertySourceProperties = '{org.springframework.boot.test.context.SpringBootTestContextBootstrapper=true}', contextCustomizers = set[org.springframework.boot.test.autoconfigure.actuate.metrics.MetricsExportContextCustomizerFactory$DisableMetricExportContextCustomizer@76012793, org.springframework.boot.test.autoconfigure.properties.PropertyMappingContextCustomizer@0, org.springframework.boot.test.autoconfigure.web.servlet.WebDriverContextCustomizerFactory$Customizer@1e0f9063, org.springframework.boot.test.context.filter.ExcludeFilterContextCustomizer@63a270c9, org.springframework.boot.test.json.DuplicateJsonObjectContextCustomizerFactory$DuplicateJsonObjectContextCustomizer@1fdf1c5, org.springframework.boot.test.mock.mockito.MockitoContextCustomizer@0, org.springframework.boot.test.web.client.TestRestTemplateContextCustomizer@23aa363a, org.springframework.boot.test.context.SpringBootTestArgs@1, org.springframework.boot.test.context.SpringBootTestWebEnvironment@36916eb0], resourceBasePath = 'src/main/webapp', contextLoader = 'org.springframework.boot.test.context.SpringBootContextLoader', parent = [null]], attributes = map['org.springframework.test.context.web.ServletTestExecutionListener.activateListener' -> true]], class annotated with @DirtiesContext [false] with mode [null].

  .   ____          _            __ _ _
 /\\ / ___'_ __ _ _(_)_ __  __ _ \ \ \ \
( ( )\___ | '_ | '_| | '_ \/ _` | \ \ \ \
 \\/  ___)| |_)| | | | | || (_| |  ) ) ) )
  '  |____| .__|_| |_|_| |_\__, | / / / /
 =========|_|==============|___/=/_/_/_/
 :: Spring Boot ::               (v2.7.18)

2025-03-19 14:24:53.402  INFO 21256 --- [    Test worker] c.e.d.repository.MemberRepositoryTest    : Starting MemberRepositoryTest using Java 17.0.12 on DESKTOP-GHBO47T with PID 21256 (started by hyeong in C:\5dev\sb_jpa1)
2025-03-19 14:24:53.403  INFO 21256 --- [    Test worker] c.e.d.repository.MemberRepositoryTest    : No active profile set, falling back to 1 default profile: "default"
2025-03-19 14:24:53.880  INFO 21256 --- [    Test worker] .s.d.r.c.RepositoryConfigurationDelegate : Bootstrapping Spring Data JPA repositories in DEFAULT mode.
2025-03-19 14:24:53.921  INFO 21256 --- [    Test worker] .s.d.r.c.RepositoryConfigurationDelegate : Finished Spring Data repository scanning in 35 ms. Found 1 JPA repository interfaces.
2025-03-19 14:24:54.388  INFO 21256 --- [    Test worker] o.hibernate.jpa.internal.util.LogHelper  : HHH000204: Processing PersistenceUnitInfo [name: default]
2025-03-19 14:24:54.426  INFO 21256 --- [    Test worker] org.hibernate.Version                    : HHH000412: Hibernate ORM core version 5.6.15.Final
2025-03-19 14:24:54.554  INFO 21256 --- [    Test worker] o.hibernate.annotations.common.Version   : HCANN000001: Hibernate Commons Annotations {5.1.2.Final}
2025-03-19 14:24:54.582 DEBUG 21256 --- [    Test worker] org.hibernate.type.BasicTypeRegistry     : Adding type registration boolean -> org.hibernate.type.BooleanType@6e9a0bea
2025-03-19 14:24:54.583 DEBUG 21256 --- [    Test worker] org.hibernate.type.BasicTypeRegistry     : Adding type registration boolean -> org.hibernate.type.BooleanType@6e9a0bea
2025-03-19 14:24:54.583 DEBUG 21256 --- [    Test worker] org.hibernate.type.BasicTypeRegistry     : Adding type registration java.lang.Boolean -> org.hibernate.type.BooleanType@6e9a0bea
2025-03-19 14:24:54.583 DEBUG 21256 --- [    Test worker] org.hibernate.type.BasicTypeRegistry     : Adding type registration numeric_boolean -> org.hibernate.type.NumericBooleanType@1e3f86d5
2025-03-19 14:24:54.584 DEBUG 21256 --- [    Test worker] org.hibernate.type.BasicTypeRegistry     : Adding type registration true_false -> org.hibernate.type.TrueFalseType@66f5b8fe
2025-03-19 14:24:54.584 DEBUG 21256 --- [    Test worker] org.hibernate.type.BasicTypeRegistry     : Adding type registration yes_no -> org.hibernate.type.YesNoType@5287ba5f
2025-03-19 14:24:54.585 DEBUG 21256 --- [    Test worker] org.hibernate.type.BasicTypeRegistry     : Adding type registration byte -> org.hibernate.type.ByteType@4be490da
2025-03-19 14:24:54.585 DEBUG 21256 --- [    Test worker] org.hibernate.type.BasicTypeRegistry     : Adding type registration byte -> org.hibernate.type.ByteType@4be490da
2025-03-19 14:24:54.585 DEBUG 21256 --- [    Test worker] org.hibernate.type.BasicTypeRegistry     : Adding type registration java.lang.Byte -> org.hibernate.type.ByteType@4be490da
2025-03-19 14:24:54.586 DEBUG 21256 --- [    Test worker] org.hibernate.type.BasicTypeRegistry     : Adding type registration character -> org.hibernate.type.CharacterType@6806468e
2025-03-19 14:24:54.586 DEBUG 21256 --- [    Test worker] org.hibernate.type.BasicTypeRegistry     : Adding type registration char -> org.hibernate.type.CharacterType@6806468e
2025-03-19 14:24:54.586 DEBUG 21256 --- [    Test worker] org.hibernate.type.BasicTypeRegistry     : Adding type registration java.lang.Character -> org.hibernate.type.CharacterType@6806468e
2025-03-19 14:24:54.587 DEBUG 21256 --- [    Test worker] org.hibernate.type.BasicTypeRegistry     : Adding type registration short -> org.hibernate.type.ShortType@8e99809
2025-03-19 14:24:54.588 DEBUG 21256 --- [    Test worker] org.hibernate.type.BasicTypeRegistry     : Adding type registration short -> org.hibernate.type.ShortType@8e99809
2025-03-19 14:24:54.588 DEBUG 21256 --- [    Test worker] org.hibernate.type.BasicTypeRegistry     : Adding type registration java.lang.Short -> org.hibernate.type.ShortType@8e99809
2025-03-19 14:24:54.589 DEBUG 21256 --- [    Test worker] org.hibernate.type.BasicTypeRegistry     : Adding type registration integer -> org.hibernate.type.IntegerType@3a11c0eb
2025-03-19 14:24:54.589 DEBUG 21256 --- [    Test worker] org.hibernate.type.BasicTypeRegistry     : Adding type registration int -> org.hibernate.type.IntegerType@3a11c0eb
2025-03-19 14:24:54.589 DEBUG 21256 --- [    Test worker] org.hibernate.type.BasicTypeRegistry     : Adding type registration java.lang.Integer -> org.hibernate.type.IntegerType@3a11c0eb
2025-03-19 14:24:54.591 DEBUG 21256 --- [    Test worker] org.hibernate.type.BasicTypeRegistry     : Adding type registration long -> org.hibernate.type.LongType@447fa959
2025-03-19 14:24:54.591 DEBUG 21256 --- [    Test worker] org.hibernate.type.BasicTypeRegistry     : Adding type registration long -> org.hibernate.type.LongType@447fa959
2025-03-19 14:24:54.591 DEBUG 21256 --- [    Test worker] org.hibernate.type.BasicTypeRegistry     : Adding type registration java.lang.Long -> org.hibernate.type.LongType@447fa959
2025-03-19 14:24:54.592 DEBUG 21256 --- [    Test worker] org.hibernate.type.BasicTypeRegistry     : Adding type registration float -> org.hibernate.type.FloatType@7d66e544
2025-03-19 14:24:54.592 DEBUG 21256 --- [    Test worker] org.hibernate.type.BasicTypeRegistry     : Adding type registration float -> org.hibernate.type.FloatType@7d66e544
2025-03-19 14:24:54.592 DEBUG 21256 --- [    Test worker] org.hibernate.type.BasicTypeRegistry     : Adding type registration java.lang.Float -> org.hibernate.type.FloatType@7d66e544
2025-03-19 14:24:54.593 DEBUG 21256 --- [    Test worker] org.hibernate.type.BasicTypeRegistry     : Adding type registration double -> org.hibernate.type.DoubleType@73a6cc79
2025-03-19 14:24:54.593 DEBUG 21256 --- [    Test worker] org.hibernate.type.BasicTypeRegistry     : Adding type registration double -> org.hibernate.type.DoubleType@73a6cc79
2025-03-19 14:24:54.594 DEBUG 21256 --- [    Test worker] org.hibernate.type.BasicTypeRegistry     : Adding type registration java.lang.Double -> org.hibernate.type.DoubleType@73a6cc79
2025-03-19 14:24:54.594 DEBUG 21256 --- [    Test worker] org.hibernate.type.BasicTypeRegistry     : Adding type registration big_decimal -> org.hibernate.type.BigDecimalType@51ba952e
2025-03-19 14:24:54.594 DEBUG 21256 --- [    Test worker] org.hibernate.type.BasicTypeRegistry     : Adding type registration java.math.BigDecimal -> org.hibernate.type.BigDecimalType@51ba952e
2025-03-19 14:24:54.595 DEBUG 21256 --- [    Test worker] org.hibernate.type.BasicTypeRegistry     : Adding type registration big_integer -> org.hibernate.type.BigIntegerType@7e49ded
2025-03-19 14:24:54.595 DEBUG 21256 --- [    Test worker] org.hibernate.type.BasicTypeRegistry     : Adding type registration java.math.BigInteger -> org.hibernate.type.BigIntegerType@7e49ded
2025-03-19 14:24:54.596 DEBUG 21256 --- [    Test worker] org.hibernate.type.BasicTypeRegistry     : Adding type registration string -> org.hibernate.type.StringType@1ee5632d
2025-03-19 14:24:54.596 DEBUG 21256 --- [    Test worker] org.hibernate.type.BasicTypeRegistry     : Adding type registration java.lang.String -> org.hibernate.type.StringType@1ee5632d
2025-03-19 14:24:54.596 DEBUG 21256 --- [    Test worker] org.hibernate.type.BasicTypeRegistry     : Adding type registration nstring -> org.hibernate.type.StringNVarcharType@478fb7dc
2025-03-19 14:24:54.597 DEBUG 21256 --- [    Test worker] org.hibernate.type.BasicTypeRegistry     : Adding type registration ncharacter -> org.hibernate.type.CharacterNCharType@634f58d2
2025-03-19 14:24:54.598 DEBUG 21256 --- [    Test worker] org.hibernate.type.BasicTypeRegistry     : Adding type registration url -> org.hibernate.type.UrlType@281b2dfd
2025-03-19 14:24:54.598 DEBUG 21256 --- [    Test worker] org.hibernate.type.BasicTypeRegistry     : Adding type registration java.net.URL -> org.hibernate.type.UrlType@281b2dfd
2025-03-19 14:24:54.599 DEBUG 21256 --- [    Test worker] org.hibernate.type.BasicTypeRegistry     : Adding type registration Duration -> org.hibernate.type.DurationType@2db86a7c
2025-03-19 14:24:54.599 DEBUG 21256 --- [    Test worker] org.hibernate.type.BasicTypeRegistry     : Adding type registration java.time.Duration -> org.hibernate.type.DurationType@2db86a7c
2025-03-19 14:24:54.600 DEBUG 21256 --- [    Test worker] org.hibernate.type.BasicTypeRegistry     : Adding type registration Instant -> org.hibernate.type.InstantType@3c54ddec
2025-03-19 14:24:54.600 DEBUG 21256 --- [    Test worker] org.hibernate.type.BasicTypeRegistry     : Adding type registration java.time.Instant -> org.hibernate.type.InstantType@3c54ddec
2025-03-19 14:24:54.601 DEBUG 21256 --- [    Test worker] org.hibernate.type.BasicTypeRegistry     : Adding type registration LocalDateTime -> org.hibernate.type.LocalDateTimeType@3b088163
2025-03-19 14:24:54.601 DEBUG 21256 --- [    Test worker] org.hibernate.type.BasicTypeRegistry     : Adding type registration java.time.LocalDateTime -> org.hibernate.type.LocalDateTimeType@3b088163
2025-03-19 14:24:54.601 DEBUG 21256 --- [    Test worker] org.hibernate.type.BasicTypeRegistry     : Adding type registration LocalDate -> org.hibernate.type.LocalDateType@35025a0a
2025-03-19 14:24:54.602 DEBUG 21256 --- [    Test worker] org.hibernate.type.BasicTypeRegistry     : Adding type registration java.time.LocalDate -> org.hibernate.type.LocalDateType@35025a0a
2025-03-19 14:24:54.602 DEBUG 21256 --- [    Test worker] org.hibernate.type.BasicTypeRegistry     : Adding type registration LocalTime -> org.hibernate.type.LocalTimeType@16cf8438
2025-03-19 14:24:54.602 DEBUG 21256 --- [    Test worker] org.hibernate.type.BasicTypeRegistry     : Adding type registration java.time.LocalTime -> org.hibernate.type.LocalTimeType@16cf8438
2025-03-19 14:24:54.603 DEBUG 21256 --- [    Test worker] org.hibernate.type.BasicTypeRegistry     : Adding type registration OffsetDateTime -> org.hibernate.type.OffsetDateTimeType@526f6427
2025-03-19 14:24:54.603 DEBUG 21256 --- [    Test worker] org.hibernate.type.BasicTypeRegistry     : Adding type registration java.time.OffsetDateTime -> org.hibernate.type.OffsetDateTimeType@526f6427
2025-03-19 14:24:54.604 DEBUG 21256 --- [    Test worker] org.hibernate.type.BasicTypeRegistry     : Adding type registration OffsetTime -> org.hibernate.type.OffsetTimeType@1fb2eec
2025-03-19 14:24:54.604 DEBUG 21256 --- [    Test worker] org.hibernate.type.BasicTypeRegistry     : Adding type registration java.time.OffsetTime -> org.hibernate.type.OffsetTimeType@1fb2eec
2025-03-19 14:24:54.605 DEBUG 21256 --- [    Test worker] org.hibernate.type.BasicTypeRegistry     : Adding type registration ZonedDateTime -> org.hibernate.type.ZonedDateTimeType@24134cbc
2025-03-19 14:24:54.605 DEBUG 21256 --- [    Test worker] org.hibernate.type.BasicTypeRegistry     : Adding type registration java.time.ZonedDateTime -> org.hibernate.type.ZonedDateTimeType@24134cbc
2025-03-19 14:24:54.606 DEBUG 21256 --- [    Test worker] org.hibernate.type.BasicTypeRegistry     : Adding type registration date -> org.hibernate.type.DateType@637c840d
2025-03-19 14:24:54.606 DEBUG 21256 --- [    Test worker] org.hibernate.type.BasicTypeRegistry     : Adding type registration java.sql.Date -> org.hibernate.type.DateType@637c840d
2025-03-19 14:24:54.608 DEBUG 21256 --- [    Test worker] org.hibernate.type.BasicTypeRegistry     : Adding type registration time -> org.hibernate.type.TimeType@640d604
2025-03-19 14:24:54.608 DEBUG 21256 --- [    Test worker] org.hibernate.type.BasicTypeRegistry     : Adding type registration java.sql.Time -> org.hibernate.type.TimeType@640d604
2025-03-19 14:24:54.610 DEBUG 21256 --- [    Test worker] org.hibernate.type.BasicTypeRegistry     : Adding type registration timestamp -> org.hibernate.type.TimestampType@7e61e25c
2025-03-19 14:24:54.610 DEBUG 21256 --- [    Test worker] org.hibernate.type.BasicTypeRegistry     : Adding type registration java.sql.Timestamp -> org.hibernate.type.TimestampType@7e61e25c
2025-03-19 14:24:54.610 DEBUG 21256 --- [    Test worker] org.hibernate.type.BasicTypeRegistry     : Adding type registration java.util.Date -> org.hibernate.type.TimestampType@7e61e25c
2025-03-19 14:24:54.612 DEBUG 21256 --- [    Test worker] org.hibernate.type.BasicTypeRegistry     : Adding type registration dbtimestamp -> org.hibernate.type.DbTimestampType@2e6d76ba
2025-03-19 14:24:54.612 DEBUG 21256 --- [    Test worker] org.hibernate.type.BasicTypeRegistry     : Adding type registration calendar -> org.hibernate.type.CalendarType@1a1c21b4
2025-03-19 14:24:54.612 DEBUG 21256 --- [    Test worker] org.hibernate.type.BasicTypeRegistry     : Adding type registration java.util.Calendar -> org.hibernate.type.CalendarType@1a1c21b4
2025-03-19 14:24:54.612 DEBUG 21256 --- [    Test worker] org.hibernate.type.BasicTypeRegistry     : Adding type registration java.util.GregorianCalendar -> org.hibernate.type.CalendarType@1a1c21b4
2025-03-19 14:24:54.614 DEBUG 21256 --- [    Test worker] org.hibernate.type.BasicTypeRegistry     : Adding type registration calendar_date -> org.hibernate.type.CalendarDateType@67b61834
2025-03-19 14:24:54.616 DEBUG 21256 --- [    Test worker] org.hibernate.type.BasicTypeRegistry     : Adding type registration calendar_time -> org.hibernate.type.CalendarTimeType@691567ea
2025-03-19 14:24:54.617 DEBUG 21256 --- [    Test worker] org.hibernate.type.BasicTypeRegistry     : Adding type registration locale -> org.hibernate.type.LocaleType@6de7778f
2025-03-19 14:24:54.617 DEBUG 21256 --- [    Test worker] org.hibernate.type.BasicTypeRegistry     : Adding type registration java.util.Locale -> org.hibernate.type.LocaleType@6de7778f
2025-03-19 14:24:54.617 DEBUG 21256 --- [    Test worker] org.hibernate.type.BasicTypeRegistry     : Adding type registration currency -> org.hibernate.type.CurrencyType@50ec4bfc
2025-03-19 14:24:54.617 DEBUG 21256 --- [    Test worker] org.hibernate.type.BasicTypeRegistry     : Adding type registration java.util.Currency -> org.hibernate.type.CurrencyType@50ec4bfc
2025-03-19 14:24:54.619 DEBUG 21256 --- [    Test worker] org.hibernate.type.BasicTypeRegistry     : Adding type registration timezone -> org.hibernate.type.TimeZoneType@7558633
2025-03-19 14:24:54.619 DEBUG 21256 --- [    Test worker] org.hibernate.type.BasicTypeRegistry     : Adding type registration java.util.TimeZone -> org.hibernate.type.TimeZoneType@7558633
2025-03-19 14:24:54.620 DEBUG 21256 --- [    Test worker] org.hibernate.type.BasicTypeRegistry     : Adding type registration class -> org.hibernate.type.ClassType@3815146b
2025-03-19 14:24:54.620 DEBUG 21256 --- [    Test worker] org.hibernate.type.BasicTypeRegistry     : Adding type registration java.lang.Class -> org.hibernate.type.ClassType@3815146b
2025-03-19 14:24:54.621 DEBUG 21256 --- [    Test worker] org.hibernate.type.BasicTypeRegistry     : Adding type registration uuid-binary -> org.hibernate.type.UUIDBinaryType@2f2e4bde
2025-03-19 14:24:54.621 DEBUG 21256 --- [    Test worker] org.hibernate.type.BasicTypeRegistry     : Adding type registration java.util.UUID -> org.hibernate.type.UUIDBinaryType@2f2e4bde
2025-03-19 14:24:54.621 DEBUG 21256 --- [    Test worker] org.hibernate.type.BasicTypeRegistry     : Adding type registration uuid-char -> org.hibernate.type.UUIDCharType@508ad266
2025-03-19 14:24:54.623 DEBUG 21256 --- [    Test worker] org.hibernate.type.BasicTypeRegistry     : Adding type registration binary -> org.hibernate.type.BinaryType@6cbb7a7d
2025-03-19 14:24:54.623 DEBUG 21256 --- [    Test worker] org.hibernate.type.BasicTypeRegistry     : Adding type registration byte[] -> org.hibernate.type.BinaryType@6cbb7a7d
2025-03-19 14:24:54.623 DEBUG 21256 --- [    Test worker] org.hibernate.type.BasicTypeRegistry     : Adding type registration [B -> org.hibernate.type.BinaryType@6cbb7a7d
2025-03-19 14:24:54.624 DEBUG 21256 --- [    Test worker] org.hibernate.type.BasicTypeRegistry     : Adding type registration wrapper-binary -> org.hibernate.type.WrapperBinaryType@42c12b3e
2025-03-19 14:24:54.624 DEBUG 21256 --- [    Test worker] org.hibernate.type.BasicTypeRegistry     : Adding type registration Byte[] -> org.hibernate.type.WrapperBinaryType@42c12b3e
2025-03-19 14:24:54.624 DEBUG 21256 --- [    Test worker] org.hibernate.type.BasicTypeRegistry     : Adding type registration [Ljava.lang.Byte; -> org.hibernate.type.WrapperBinaryType@42c12b3e
2025-03-19 14:24:54.625 DEBUG 21256 --- [    Test worker] org.hibernate.type.BasicTypeRegistry     : Adding type registration row_version -> org.hibernate.type.RowVersionType@11e9ac24
2025-03-19 14:24:54.625 DEBUG 21256 --- [    Test worker] org.hibernate.type.BasicTypeRegistry     : Adding type registration image -> org.hibernate.type.ImageType@687389a6
2025-03-19 14:24:54.626 DEBUG 21256 --- [    Test worker] org.hibernate.type.BasicTypeRegistry     : Adding type registration characters -> org.hibernate.type.CharArrayType@723e3c17
2025-03-19 14:24:54.626 DEBUG 21256 --- [    Test worker] org.hibernate.type.BasicTypeRegistry     : Adding type registration char[] -> org.hibernate.type.CharArrayType@723e3c17
2025-03-19 14:24:54.626 DEBUG 21256 --- [    Test worker] org.hibernate.type.BasicTypeRegistry     : Adding type registration [C -> org.hibernate.type.CharArrayType@723e3c17
2025-03-19 14:24:54.627 DEBUG 21256 --- [    Test worker] org.hibernate.type.BasicTypeRegistry     : Adding type registration wrapper-characters -> org.hibernate.type.CharacterArrayType@30abf79c
2025-03-19 14:24:54.627 DEBUG 21256 --- [    Test worker] org.hibernate.type.BasicTypeRegistry     : Adding type registration [Ljava.lang.Character; -> org.hibernate.type.CharacterArrayType@30abf79c
2025-03-19 14:24:54.627 DEBUG 21256 --- [    Test worker] org.hibernate.type.BasicTypeRegistry     : Adding type registration Character[] -> org.hibernate.type.CharacterArrayType@30abf79c
2025-03-19 14:24:54.627 DEBUG 21256 --- [    Test worker] org.hibernate.type.BasicTypeRegistry     : Adding type registration text -> org.hibernate.type.TextType@3caee3a8
2025-03-19 14:24:54.627 DEBUG 21256 --- [    Test worker] org.hibernate.type.BasicTypeRegistry     : Adding type registration ntext -> org.hibernate.type.NTextType@2dd178f3
2025-03-19 14:24:54.629 DEBUG 21256 --- [    Test worker] org.hibernate.type.BasicTypeRegistry     : Adding type registration blob -> org.hibernate.type.BlobType@10b8b900
2025-03-19 14:24:54.629 DEBUG 21256 --- [    Test worker] org.hibernate.type.BasicTypeRegistry     : Adding type registration java.sql.Blob -> org.hibernate.type.BlobType@10b8b900
2025-03-19 14:24:54.629 DEBUG 21256 --- [    Test worker] org.hibernate.type.BasicTypeRegistry     : Adding type registration materialized_blob -> org.hibernate.type.MaterializedBlobType@599f1b7
2025-03-19 14:24:54.631 DEBUG 21256 --- [    Test worker] org.hibernate.type.BasicTypeRegistry     : Adding type registration clob -> org.hibernate.type.ClobType@70881123
2025-03-19 14:24:54.631 DEBUG 21256 --- [    Test worker] org.hibernate.type.BasicTypeRegistry     : Adding type registration java.sql.Clob -> org.hibernate.type.ClobType@70881123
2025-03-19 14:24:54.633 DEBUG 21256 --- [    Test worker] org.hibernate.type.BasicTypeRegistry     : Adding type registration nclob -> org.hibernate.type.NClobType@350323a0
2025-03-19 14:24:54.633 DEBUG 21256 --- [    Test worker] org.hibernate.type.BasicTypeRegistry     : Adding type registration java.sql.NClob -> org.hibernate.type.NClobType@350323a0
2025-03-19 14:24:54.633 DEBUG 21256 --- [    Test worker] org.hibernate.type.BasicTypeRegistry     : Adding type registration materialized_clob -> org.hibernate.type.MaterializedClobType@6459f4ea
2025-03-19 14:24:54.634 DEBUG 21256 --- [    Test worker] org.hibernate.type.BasicTypeRegistry     : Adding type registration materialized_nclob -> org.hibernate.type.MaterializedNClobType@7ac48e10
2025-03-19 14:24:54.635 DEBUG 21256 --- [    Test worker] org.hibernate.type.BasicTypeRegistry     : Adding type registration serializable -> org.hibernate.type.SerializableType@7da1e005
2025-03-19 14:24:54.638 DEBUG 21256 --- [    Test worker] org.hibernate.type.BasicTypeRegistry     : Adding type registration object -> org.hibernate.type.ObjectType@787988f4
2025-03-19 14:24:54.638 DEBUG 21256 --- [    Test worker] org.hibernate.type.BasicTypeRegistry     : Adding type registration java.lang.Object -> org.hibernate.type.ObjectType@787988f4
2025-03-19 14:24:54.638 DEBUG 21256 --- [    Test worker] org.hibernate.type.BasicTypeRegistry     : Adding type registration imm_date -> org.hibernate.type.AdaptedImmutableType@1c5d3a37
2025-03-19 14:24:54.638 DEBUG 21256 --- [    Test worker] org.hibernate.type.BasicTypeRegistry     : Adding type registration imm_time -> org.hibernate.type.AdaptedImmutableType@7e3d2ebd
2025-03-19 14:24:54.639 DEBUG 21256 --- [    Test worker] org.hibernate.type.BasicTypeRegistry     : Adding type registration imm_timestamp -> org.hibernate.type.AdaptedImmutableType@2b43f314
2025-03-19 14:24:54.639 DEBUG 21256 --- [    Test worker] org.hibernate.type.BasicTypeRegistry     : Adding type registration imm_dbtimestamp -> org.hibernate.type.AdaptedImmutableType@3a4a5f3c
2025-03-19 14:24:54.639 DEBUG 21256 --- [    Test worker] org.hibernate.type.BasicTypeRegistry     : Adding type registration imm_calendar -> org.hibernate.type.AdaptedImmutableType@4f3356c0
2025-03-19 14:24:54.639 DEBUG 21256 --- [    Test worker] org.hibernate.type.BasicTypeRegistry     : Adding type registration imm_calendar_date -> org.hibernate.type.AdaptedImmutableType@586cc15d
2025-03-19 14:24:54.639 DEBUG 21256 --- [    Test worker] org.hibernate.type.BasicTypeRegistry     : Adding type registration imm_binary -> org.hibernate.type.AdaptedImmutableType@6c835217
2025-03-19 14:24:54.639 DEBUG 21256 --- [    Test worker] org.hibernate.type.BasicTypeRegistry     : Adding type registration imm_serializable -> org.hibernate.type.AdaptedImmutableType@4584304
2025-03-19 14:24:54.675  INFO 21256 --- [    Test worker] com.zaxxer.hikari.HikariDataSource       : HikariPool-1 - Starting...
2025-03-19 14:24:54.938  INFO 21256 --- [    Test worker] com.zaxxer.hikari.HikariDataSource       : HikariPool-1 - Start completed.
2025-03-19 14:24:54.962  INFO 21256 --- [    Test worker] org.hibernate.dialect.Dialect            : HHH000400: Using dialect: org.hibernate.dialect.MySQL8Dialect
2025-03-19 14:24:54.992 DEBUG 21256 --- [    Test worker] o.h.type.spi.TypeConfiguration$Scope     : Scoping TypeConfiguration [org.hibernate.type.spi.TypeConfiguration@2eb6d34a] to MetadataBuildingContext [org.hibernate.boot.internal.MetadataBuildingContextRootImpl@2d73e8c4]
2025-03-19 14:24:55.198 DEBUG 21256 --- [    Test worker] o.h.type.spi.TypeConfiguration$Scope     : Scoping TypeConfiguration [org.hibernate.type.spi.TypeConfiguration@2eb6d34a] to SessionFactoryImpl [org.hibernate.internal.SessionFactoryImpl@78f5cbc5]
2025-03-19 14:24:55.465 DEBUG 21256 --- [    Test worker] org.hibernate.SQL                        : 
    
    drop table if exists member
Hibernate: 
    
    drop table if exists member
2025-03-19 14:24:55.532 DEBUG 21256 --- [    Test worker] org.hibernate.SQL                        : 
    
    create table member (
       id bigint not null auto_increment,
        email varchar(255) not null,
        name varchar(255) not null,
        primary key (id)
    ) engine=InnoDB
Hibernate: 
    
    create table member (
       id bigint not null auto_increment,
        email varchar(255) not null,
        name varchar(255) not null,
        primary key (id)
    ) engine=InnoDB
2025-03-19 14:24:55.548  INFO 21256 --- [    Test worker] o.h.e.t.j.p.i.JtaPlatformInitiator       : HHH000490: Using JtaPlatform implementation: [org.hibernate.engine.transaction.jta.platform.internal.NoJtaPlatform]
2025-03-19 14:24:55.554 TRACE 21256 --- [    Test worker] o.h.type.spi.TypeConfiguration$Scope     : Handling #sessionFactoryCreated from [org.hibernate.internal.SessionFactoryImpl@78f5cbc5] for TypeConfiguration
2025-03-19 14:24:55.555  INFO 21256 --- [    Test worker] j.LocalContainerEntityManagerFactoryBean : Initialized JPA EntityManagerFactory for persistence unit 'default'
2025-03-19 14:24:55.727  WARN 21256 --- [    Test worker] JpaBaseConfiguration$JpaWebConfiguration : spring.jpa.open-in-view is enabled by default. Therefore, database queries may be performed during view rendering. Explicitly configure spring.jpa.open-in-view to disable this warning
2025-03-19 14:24:56.450  INFO 21256 --- [    Test worker] c.e.d.repository.MemberRepositoryTest    : Started MemberRepositoryTest in 3.256 seconds (JVM running for 4.305)
2025-03-19 14:24:56.481  INFO 21256 --- [    Test worker] o.s.t.c.transaction.TransactionContext   : Began transaction (1) for test context [DefaultTestContext@54361a9 testClass = MemberRepositoryTest, testInstance = com.example.demo.repository.MemberRepositoryTest@394950ad, testMethod = createMemberTest@MemberRepositoryTest, testException = [null], mergedContextConfiguration = [WebMergedContextConfiguration@32232e55 testClass = MemberRepositoryTest, locations = '{}', classes = '{class com.example.demo.DemoApplication}', contextInitializerClasses = '[]', activeProfiles = '{}', propertySourceLocations = '{}', propertySourceProperties = '{org.springframework.boot.test.context.SpringBootTestContextBootstrapper=true}', contextCustomizers = set[org.springframework.boot.test.autoconfigure.actuate.metrics.MetricsExportContextCustomizerFactory$DisableMetricExportContextCustomizer@76012793, org.springframework.boot.test.autoconfigure.properties.PropertyMappingContextCustomizer@0, org.springframework.boot.test.autoconfigure.web.servlet.WebDriverContextCustomizerFactory$Customizer@1e0f9063, org.springframework.boot.test.context.filter.ExcludeFilterContextCustomizer@63a270c9, org.springframework.boot.test.json.DuplicateJsonObjectContextCustomizerFactory$DuplicateJsonObjectContextCustomizer@1fdf1c5, org.springframework.boot.test.mock.mockito.MockitoContextCustomizer@0, org.springframework.boot.test.web.client.TestRestTemplateContextCustomizer@23aa363a, org.springframework.boot.test.context.SpringBootTestArgs@1, org.springframework.boot.test.context.SpringBootTestWebEnvironment@36916eb0], resourceBasePath = 'src/main/webapp', contextLoader = 'org.springframework.boot.test.context.SpringBootContextLoader', parent = [null]], attributes = map['org.springframework.test.context.web.ServletTestExecutionListener.activateListener' -> true, 'org.springframework.test.context.web.ServletTestExecutionListener.populatedRequestContextHolder' -> true, 'org.springframework.test.context.web.ServletTestExecutionListener.resetRequestContextHolder' -> true, 'org.springframework.test.context.event.ApplicationEventsTestExecutionListener.recordApplicationEvents' -> false]]; transaction manager [org.springframework.orm.jpa.JpaTransactionManager@67f0bf7e]; rollback [true]
2025-03-19 14:24:56.644 DEBUG 21256 --- [    Test worker] org.hibernate.SQL                        : 
    insert 
    into
        member
        (email, name) 
    values
        (?, ?)
Hibernate: 
    insert 
    into
        member
        (email, name) 
    values
        (?, ?)
2025-03-19 14:24:56.654 TRACE 21256 --- [    Test worker] o.h.type.descriptor.sql.BasicBinder      : binding parameter [1] as [VARCHAR] - [hong@test.com]
2025-03-19 14:24:56.655 TRACE 21256 --- [    Test worker] o.h.type.descriptor.sql.BasicBinder      : binding parameter [2] as [VARCHAR] - [홍길동]
2025-03-19 14:24:56.731  INFO 21256 --- [    Test worker] o.s.t.c.transaction.TransactionContext   : Rolled back transaction for test: [DefaultTestContext@54361a9 testClass = MemberRepositoryTest, testInstance = com.example.demo.repository.MemberRepositoryTest@394950ad, testMethod = createMemberTest@MemberRepositoryTest, testException = [null], mergedContextConfiguration = [WebMergedContextConfiguration@32232e55 testClass = MemberRepositoryTest, locations = '{}', classes = '{class com.example.demo.DemoApplication}', contextInitializerClasses = '[]', activeProfiles = '{}', propertySourceLocations = '{}', propertySourceProperties = '{org.springframework.boot.test.context.SpringBootTestContextBootstrapper=true}', contextCustomizers = set[org.springframework.boot.test.autoconfigure.actuate.metrics.MetricsExportContextCustomizerFactory$DisableMetricExportContextCustomizer@76012793, org.springframework.boot.test.autoconfigure.properties.PropertyMappingContextCustomizer@0, org.springframework.boot.test.autoconfigure.web.servlet.WebDriverContextCustomizerFactory$Customizer@1e0f9063, org.springframework.boot.test.context.filter.ExcludeFilterContextCustomizer@63a270c9, org.springframework.boot.test.json.DuplicateJsonObjectContextCustomizerFactory$DuplicateJsonObjectContextCustomizer@1fdf1c5, org.springframework.boot.test.mock.mockito.MockitoContextCustomizer@0, org.springframework.boot.test.web.client.TestRestTemplateContextCustomizer@23aa363a, org.springframework.boot.test.context.SpringBootTestArgs@1, org.springframework.boot.test.context.SpringBootTestWebEnvironment@36916eb0], resourceBasePath = 'src/main/webapp', contextLoader = 'org.springframework.boot.test.context.SpringBootContextLoader', parent = [null]], attributes = map['org.springframework.test.context.web.ServletTestExecutionListener.activateListener' -> true, 'org.springframework.test.context.web.ServletTestExecutionListener.populatedRequestContextHolder' -> true, 'org.springframework.test.context.web.ServletTestExecutionListener.resetRequestContextHolder' -> true, 'org.springframework.test.context.event.ApplicationEventsTestExecutionListener.recordApplicationEvents' -> false]]
]]></system-out>
  <system-err><![CDATA[]]></system-err>
</testsuite>
